<?xml version="1.0" encoding="UTF-8" standalone="no"?>
<testsuite failures="2" name="cucumber.runtime.formatter.JUnitFormatter" skipped="0" tests="4" time="93.035828">
<testcase classname="To validate the login functionality of facebook application" name="Invalid login-To validate the login with invalid credentials" time="33.689889">
<failure message="java.lang.AssertionError&#13;&#10;&#9;at org.junit.Assert.fail(Assert.java:86)&#13;&#10;&#9;at org.junit.Assert.assertTrue(Assert.java:41)&#13;&#10;&#9;at org.junit.Assert.assertTrue(Assert.java:52)&#13;&#10;&#9;at org.stepdefinition.LoginSteps.the_user_has_enter_the_and(LoginSteps.java:25)&#13;&#10;&#9;at ✽.The user has enter the &quot;mani&quot; and &quot;maddy&quot;(file:src/test/resources/Features/facebook.feature:10)&#13;&#10;"><![CDATA[Given The user should be in facebook page...................................passed
When The user has enter the "mani" and "maddy"..............................failed
And The user has to click the "login" button................................skipped
Then The user should be in invalid login page...............................skipped

StackTrace:
java.lang.AssertionError
	at org.junit.Assert.fail(Assert.java:86)
	at org.junit.Assert.assertTrue(Assert.java:41)
	at org.junit.Assert.assertTrue(Assert.java:52)
	at org.stepdefinition.LoginSteps.the_user_has_enter_the_and(LoginSteps.java:25)
	at ✽.The user has enter the "mani" and "maddy"(file:src/test/resources/Features/facebook.feature:10)
]]></failure>
</testcase>
<testcase classname="To validate the login functionality of facebook application" name="valid login-To validate the login with invalid credentials" time="12.724011">
<failure message="java.lang.AssertionError&#13;&#10;&#9;at org.junit.Assert.fail(Assert.java:86)&#13;&#10;&#9;at org.junit.Assert.assertTrue(Assert.java:41)&#13;&#10;&#9;at org.junit.Assert.assertTrue(Assert.java:52)&#13;&#10;&#9;at org.stepdefinition.LoginSteps.the_user_has_enter_the_and(LoginSteps.java:25)&#13;&#10;&#9;at ✽.The user has enter the &quot;kumar&quot; and &quot;8900898&quot;(file:src/test/resources/Features/facebook.feature:19)&#13;&#10;"><![CDATA[Given The user should be in facebook page...................................passed
When The user has enter the "kumar" and "8900898"...........................failed
And The user has to click the "login" button................................skipped
Then The user should be in invalid login page...............................skipped

StackTrace:
java.lang.AssertionError
	at org.junit.Assert.fail(Assert.java:86)
	at org.junit.Assert.assertTrue(Assert.java:41)
	at org.junit.Assert.assertTrue(Assert.java:52)
	at org.stepdefinition.LoginSteps.the_user_has_enter_the_and(LoginSteps.java:25)
	at ✽.The user has enter the "kumar" and "8900898"(file:src/test/resources/Features/facebook.feature:19)
]]></failure>
</testcase>
<testcase classname="To validate the regiter functionality of facebook application" name="Invalid register-To validate the registration functionality" time="24.543629">
<system-out><![CDATA[Given The user should be in facebook page...................................passed
When The user has to click the create new account link......................passed
And The user has to fill the firstname , lastname and other datails.........passed
And The user has to click the "signup" button...............................passed
Then The user get message "successfully registered".........................passed
]]></system-out>
</testcase>
<testcase classname="To validate the regiter functionality of facebook application" name="valid register-To validate the registration functionality" time="22.078299">
<system-out><![CDATA[Given The user should be in facebook page...................................passed
When The user has to click the create new account link......................passed
And The user has to fill the firstname , lastname and other datails.........passed
And The user has to click the "signup" button...............................passed
Then The user get message "successfully registered".........................passed
]]></system-out>
</testcase>
</testsuite>
