<?xml version="1.0" encoding="UTF-8" ?>
<testsuite tests="1" failures="1" name="org.testrunner.TestRerunner" time="44.23" errors="0" skipped="0">
  <properties>
[...]
</properties>
  <testcase classname="To validate the login functionality of facebook application" name="valid login-To validate the login with invalid credentials" time="44.23">
    <failure type="java.lang.AssertionError">java.lang.AssertionError
	at org.junit.Assert.fail(Assert.java:86)
	at org.junit.Assert.assertTrue(Assert.java:41)
	at org.junit.Assert.assertTrue(Assert.java:52)
	at org.stepdefinition.LoginSteps.the_user_has_enter_the_and(LoginSteps.java:30)
	at ✽.The user has enter the &quot;kumar&quot; and &quot;8900898&quot;(file:src/test/resources/Features/facebook.feature:19)
</failure>
    <system-out>....before scenario......1..
Tue Oct 18 17:43:28 IST 2022
.........after scenario...1..
Tue Oct 18 17:43:32 IST 2022
</system-out>
    <system-err>SLF4J: Failed to load class &quot;org.slf4j.impl.StaticLoggerBinder&quot;.
SLF4J: Defaulting to no-operation (NOP) logger implementation
SLF4J: See http://www.slf4j.org/codes.html#StaticLoggerBinder for further details.
Starting ChromeDriver 106.0.5249.61 (511755355844955cd3e264779baf0dd38212a4d0-refs/branch-heads/5249@{#569}) on port 1333
Only local connections are allowed.
Please see https://chromedriver.chromium.org/security-considerations for suggestions on keeping ChromeDriver safe.
ChromeDriver was started successfully.
Oct 18, 2022 5:43:13 PM org.openqa.selenium.remote.ProtocolHandshake createSession
INFO: Detected dialect: W3C
</system-err>
  </testcase>
</testsuite>